build/app/outputs/logs/manifest-merger-debug-report.txt
-- Merging decision tree log ---
manifest
ADDED from src\main\AndroidManifest.xml:1:1-61:12
INJECTED from src\main\AndroidManifest.xml:1:1-61:12
INJECTED from src\main\AndroidManifest.xml:1:1-61:12
INJECTED from src\main\AndroidManifest.xml:1:1-61:12
MERGED from src\main\AndroidManifest.xml:1:1-61:12
MERGED from [com.wnafee:vector-compat:1.0.5] AndroidManifest.xml:2:1-11:12
MERGED from [com.kyleduo.switchbutton:library:1.4.2] AndroidManifest.xml:2:1-12:12
MERGED from [com.android.support:appcompat-v7:28.0.0] AndroidManifest.xml:17:1-22:12
MERGED from [com.android.support.constraint:constraint-layout:1.1.3] AndroidManifest.xml:2:1-11:12
MERGED from [com.jakewharton:butterknife:8.8.1] AndroidManifest.xml:2:1-7:12
MERGED from [com.android.support:recyclerview-v7:28.0.0] AndroidManifest.xml:17:1-22:12
MERGED from [com.tuya.smart:tuyasmart:3.0.3] AndroidManifest.xml:1:39-27:12
MERGED from [com.github.ybq:Android-SpinKit:1.2.0] AndroidManifest.xml:2:1-9:12
MERGED from [com.android.support:support-fragment:28.0.0] AndroidManifest.xml:17:1-22:12
MERGED from [com.android.support:animated-vector-drawable:28.0.0] AndroidManifest.xml:17:1-22:12
MERGED from [com.android.support:support-core-ui:28.0.0] AndroidManifest.xml:17:1-22:12
MERGED from [com.android.support:support-core-utils:28.0.0] AndroidManifest.xml:17:1-22:12
MERGED from [com.android.support:support-vector-drawable:28.0.0] AndroidManifest.xml:17:1-22:12
MERGED from [com.android.support:loader:28.0.0] AndroidManifest.xml:17:1-22:12
MERGED from [com.android.support:viewpager:28.0.0] AndroidManifest.xml:17:1-22:12
MERGED from [com.android.support:coordinatorlayout:28.0.0] AndroidManifest.xml:17:1-22:12
MERGED from [com.android.support:drawerlayout:28.0.0] AndroidManifest.xml:17:1-22:12
MERGED from [com.android.support:slidingpanelayout:28.0.0] AndroidManifest.xml:17:1-22:12
MERGED from [com.android.support:customview:28.0.0] AndroidManifest.xml:17:1-22:12
MERGED from [com.android.support:swiperefreshlayout:28.0.0] AndroidManifest.xml:17:1-22:12
MERGED from [com.android.support:asynclayoutinflater:28.0.0] AndroidManifest.xml:17:1-22:12
MERGED from [com.android.support:support-compat:28.0.0] AndroidManifest.xml:17:1-24:12
MERGED from [com.android.support:versionedparcelable:28.0.0] AndroidManifest.xml:17:1-25:12
MERGED from [com.android.support:cursoradapter:28.0.0] AndroidManifest.xml:17:1-22:12
MERGED from [android.arch.lifecycle:runtime:1.1.1] AndroidManifest.xml:17:1-22:12
MERGED from [com.android.support:documentfile:28.0.0] AndroidManifest.xml:17:1-22:12
MERGED from [com.android.support:localbroadcastmanager:28.0.0] AndroidManifest.xml:17:1-22:12
MERGED from [com.android.support:print:28.0.0] AndroidManifest.xml:17:1-22:12
MERGED from [android.arch.lifecycle:viewmodel:1.1.1] AndroidManifest.xml:17:1-22:12
MERGED from [com.android.support:interpolator:28.0.0] AndroidManifest.xml:17:1-22:12
MERGED from [android.arch.lifecycle:livedata:1.1.1] AndroidManifest.xml:17:1-22:12
MERGED from [android.arch.lifecycle:livedata-core:1.1.1] AndroidManifest.xml:17:1-22:12
MERGED from [android.arch.core:runtime:1.1.1] AndroidManifest.xml:17:1-22:12
INJECTED from src\debug\AndroidManifest.xml:1:1-7:12
INJECTED from src\debug\AndroidManifest.xml:1:1-7:12
INJECTED from src\debug\AndroidManifest.xml:1:1-7:12
	package
		ADDED from src\main\AndroidManifest.xml:2:5-41
		INJECTED from src\main\AndroidManifest.xml
		INJECTED from src\debug\AndroidManifest.xml
	android:versionName
		INJECTED from src\main\AndroidManifest.xml
		ADDED from src\main\AndroidManifest.xml:1:1-61:12
		INJECTED from src\debug\AndroidManifest.xml
	android:versionCode
		INJECTED from src\main\AndroidManifest.xml
		ADDED from src\main\AndroidManifest.xml:1:1-61:12
		INJECTED from src\debug\AndroidManifest.xml
	xmlns:android
		ADDED from src\main\AndroidManifest.xml:1:11-69
uses-permission#android.permission.WRITE_EXTERNAL_STORAGE
ADDED from src\main\AndroidManifest.xml:3:5-81
	android:name
		ADDED from src\main\AndroidManifest.xml:3:22-78
uses-permission#android.permission.READ_EXTERNAL_STORAGE
ADDED from src\main\AndroidManifest.xml:4:5-80
	android:name
		ADDED from src\main\AndroidManifest.xml:4:22-77
uses-permission#android.permission.READ_PHONE_STATE
ADDED from src\main\AndroidManifest.xml:5:5-7:36
	android:required
		ADDED from src\main\AndroidManifest.xml:7:9-33
	android:name
		ADDED from src\main\AndroidManifest.xml:6:9-59
uses-permission#android.permission.INTERNET
ADDED from src\main\AndroidManifest.xml:9:5-67
MERGED from src\main\AndroidManifest.xml:9:5-67
MERGED from src\main\AndroidManifest.xml:9:5-67
MERGED from [com.tuya.smart:tuyasmart:3.0.3] AndroidManifest.xml:5:3-64
MERGED from [com.tuya.smart:tuyasmart:3.0.3] AndroidManifest.xml:5:3-64
	android:name
		ADDED from src\main\AndroidManifest.xml:9:22-64
uses-permission#android.permission.CHANGE_NETWORK_STATE
ADDED from src\main\AndroidManifest.xml:10:5-79
MERGED from [com.tuya.smart:tuyasmart:3.0.3] AndroidManifest.xml:6:3-76
MERGED from [com.tuya.smart:tuyasmart:3.0.3] AndroidManifest.xml:6:3-76
	android:name
		ADDED from src\main\AndroidManifest.xml:10:22-76
uses-permission#android.permission.CHANGE_WIFI_STATE
ADDED from src\main\AndroidManifest.xml:11:5-76
MERGED from [com.tuya.smart:tuyasmart:3.0.3] AndroidManifest.xml:4:3-73
MERGED from [com.tuya.smart:tuyasmart:3.0.3] AndroidManifest.xml:4:3-73
	android:name
		ADDED from src\main\AndroidManifest.xml:11:22-73
uses-permission#android.permission.ACCESS_NETWORK_STATE
ADDED from src\main\AndroidManifest.xml:12:5-79
MERGED from [com.tuya.smart:tuyasmart:3.0.3] AndroidManifest.xml:7:3-76
MERGED from [com.tuya.smart:tuyasmart:3.0.3] AndroidManifest.xml:7:3-76
	android:name
		ADDED from src\main\AndroidManifest.xml:12:22-76
uses-permission#android.permission.ACCESS_WIFI_STATE
ADDED from src\main\AndroidManifest.xml:13:5-76
MERGED from [com.tuya.smart:tuyasmart:3.0.3] AndroidManifest.xml:3:3-73
MERGED from [com.tuya.smart:tuyasmart:3.0.3] AndroidManifest.xml:3:3-73
	android:name
		ADDED from src\main\AndroidManifest.xml:13:22-73
uses-permission#android.permission.ACCESS_FINE_LOCATION
ADDED from src\main\AndroidManifest.xml:14:5-16:36
	android:required
		ADDED from src\main\AndroidManifest.xml:16:9-33
	android:name
		ADDED from src\main\AndroidManifest.xml:15:9-63
uses-permission#android.permission.WAKE_LOCK
ADDED from src\main\AndroidManifest.xml:17:5-19:36
MERGED from [com.tuya.smart:tuyasmart:3.0.3] AndroidManifest.xml:8:3-90
MERGED from [com.tuya.smart:tuyasmart:3.0.3] AndroidManifest.xml:8:3-90
	android:required
		ADDED from src\main\AndroidManifest.xml:19:9-33
	android:name
		ADDED from src\main\AndroidManifest.xml:18:9-52
uses-permission#android.permission.CHANGE_WIFI_MULTICAST_STATE
ADDED from src\main\AndroidManifest.xml:21:5-23:36
MERGED from [com.tuya.smart:tuyasmart:3.0.3] AndroidManifest.xml:9:3-108
MERGED from [com.tuya.smart:tuyasmart:3.0.3] AndroidManifest.xml:9:3-108
	android:required
		ADDED from src\main\AndroidManifest.xml:23:9-33
	android:name
		ADDED from src\main\AndroidManifest.xml:22:9-70
application
ADDED from src\main\AndroidManifest.xml:29:5-60:19
MERGED from [com.android.support.constraint:constraint-layout:1.1.3] AndroidManifest.xml:9:5-20
MERGED from [com.android.support.constraint:constraint-layout:1.1.3] AndroidManifest.xml:9:5-20
MERGED from [com.tuya.smart:tuyasmart:3.0.3] AndroidManifest.xml:11:3-26:17
MERGED from [com.tuya.smart:tuyasmart:3.0.3] AndroidManifest.xml:11:3-26:17
MERGED from [com.android.support:support-compat:28.0.0] AndroidManifest.xml:22:5-94
MERGED from [com.android.support:support-compat:28.0.0] AndroidManifest.xml:22:5-94
MERGED from [com.android.support:versionedparcelable:28.0.0] AndroidManifest.xml:22:5-23:19
MERGED from [com.android.support:versionedparcelable:28.0.0] AndroidManifest.xml:22:5-23:19
	android:appComponentFactory
		ADDED from [com.android.support:support-compat:28.0.0] AndroidManifest.xml:22:18-91
	android:supportsRtl
		ADDED from src\main\AndroidManifest.xml:33:9-35
	android:label
		ADDED from src\main\AndroidManifest.xml:31:9-36
	android:icon
		ADDED from src\main\AndroidManifest.xml:34:9-43
	android:allowBackup
		ADDED from src\main\AndroidManifest.xml:32:9-35
	android:name
		ADDED from src\main\AndroidManifest.xml:30:9-57
activity#com.panayiotis.flutterdemo.MainActivity
ADDED from src\main\AndroidManifest.xml:35:9-53:20
	android:launchMode
		ADDED from src\main\AndroidManifest.xml:37:13-43
	android:hardwareAccelerated
		ADDED from src\main\AndroidManifest.xml:40:13-47
	android:windowSoftInputMode
		ADDED from src\main\AndroidManifest.xml:41:13-55
	android:configChanges
		ADDED from src\main\AndroidManifest.xml:39:13-144
	android:theme
		ADDED from src\main\AndroidManifest.xml:38:13-47
	android:name
		ADDED from src\main\AndroidManifest.xml:36:13-41
meta-data#io.flutter.app.android.SplashScreenUntilFirstFrame
ADDED from src\main\AndroidManifest.xml:46:13-48:40
	android:value
		ADDED from src\main\AndroidManifest.xml:48:17-37
	android:name
		ADDED from src\main\AndroidManifest.xml:47:17-82
intent-filter#action:name:android.intent.action.MAIN+category:name:android.intent.category.LAUNCHER
ADDED from src\main\AndroidManifest.xml:49:13-52:29
action#android.intent.action.MAIN
ADDED from src\main\AndroidManifest.xml:50:17-68
	android:name
		ADDED from src\main\AndroidManifest.xml:50:25-66
category#android.intent.category.LAUNCHER
ADDED from src\main\AndroidManifest.xml:51:17-76
	android:name
		ADDED from src\main\AndroidManifest.xml:51:27-74
meta-data#TUYA_SMART_APPKEY
ADDED from src\main\AndroidManifest.xml:54:9-56:52
	android:value
		ADDED from src\main\AndroidManifest.xml:56:13-49
	android:name
		ADDED from src\main\AndroidManifest.xml:55:13-45
meta-data#TUYA_SMART_SECRET
ADDED from src\main\AndroidManifest.xml:57:9-59:64
	android:value
		ADDED from src\main\AndroidManifest.xml:59:13-61
	android:name
		ADDED from src\main\AndroidManifest.xml:58:13-45
uses-sdk
INJECTED from src\main\AndroidManifest.xml reason: use-sdk injection requested
INJECTED from src\main\AndroidManifest.xml
INJECTED from src\main\AndroidManifest.xml
MERGED from [com.wnafee:vector-compat:1.0.5] AndroidManifest.xml:7:5-9:41
MERGED from [com.wnafee:vector-compat:1.0.5] AndroidManifest.xml:7:5-9:41
MERGED from [com.kyleduo.switchbutton:library:1.4.2] AndroidManifest.xml:8:5-10:41
MERGED from [com.kyleduo.switchbutton:library:1.4.2] AndroidManifest.xml:8:5-10:41
MERGED from [com.android.support:appcompat-v7:28.0.0] AndroidManifest.xml:20:5-44
MERGED from [com.android.support:appcompat-v7:28.0.0] AndroidManifest.xml:20:5-44
MERGED from [com.android.support.constraint:constraint-layout:1.1.3] AndroidManifest.xml:5:5-7:41
MERGED from [com.android.support.constraint:constraint-layout:1.1.3] AndroidManifest.xml:5:5-7:41
MERGED from [com.jakewharton:butterknife:8.8.1] AndroidManifest.xml:5:5-43
MERGED from [com.jakewharton:butterknife:8.8.1] AndroidManifest.xml:5:5-43
MERGED from [com.android.support:recyclerview-v7:28.0.0] AndroidManifest.xml:20:5-44
MERGED from [com.android.support:recyclerview-v7:28.0.0] AndroidManifest.xml:20:5-44
MERGED from [com.tuya.smart:tuyasmart:3.0.3] AndroidManifest.xml:10:3-71
MERGED from [com.tuya.smart:tuyasmart:3.0.3] AndroidManifest.xml:10:3-71
MERGED from [com.github.ybq:Android-SpinKit:1.2.0] AndroidManifest.xml:5:5-7:41
MERGED from [com.github.ybq:Android-SpinKit:1.2.0] AndroidManifest.xml:5:5-7:41
MERGED from [com.android.support:support-fragment:28.0.0] AndroidManifest.xml:20:5-44
MERGED from [com.android.support:support-fragment:28.0.0] AndroidManifest.xml:20:5-44
MERGED from [com.android.support:animated-vector-drawable:28.0.0] AndroidManifest.xml:20:5-44
MERGED from [com.android.support:animated-vector-drawable:28.0.0] AndroidManifest.xml:20:5-44
MERGED from [com.android.support:support-core-ui:28.0.0] AndroidManifest.xml:20:5-44
MERGED from [com.android.support:support-core-ui:28.0.0] AndroidManifest.xml:20:5-44
MERGED from [com.android.support:support-core-utils:28.0.0] AndroidManifest.xml:20:5-44
MERGED from [com.android.support:support-core-utils:28.0.0] AndroidManifest.xml:20:5-44
MERGED from [com.android.support:support-vector-drawable:28.0.0] AndroidManifest.xml:20:5-44
MERGED from [com.android.support:support-vector-drawable:28.0.0] AndroidManifest.xml:20:5-44
MERGED from [com.android.support:loader:28.0.0] AndroidManifest.xml:20:5-44
MERGED from [com.android.support:loader:28.0.0] AndroidManifest.xml:20:5-44
MERGED from [com.android.support:viewpager:28.0.0] AndroidManifest.xml:20:5-44
MERGED from [com.android.support:viewpager:28.0.0] AndroidManifest.xml:20:5-44
MERGED from [com.android.support:coordinatorlayout:28.0.0] AndroidManifest.xml:20:5-44
MERGED from [com.android.support:coordinatorlayout:28.0.0] AndroidManifest.xml:20:5-44
MERGED from [com.android.support:drawerlayout:28.0.0] AndroidManifest.xml:20:5-44
MERGED from [com.android.support:drawerlayout:28.0.0] AndroidManifest.xml:20:5-44
MERGED from [com.android.support:slidingpanelayout:28.0.0] AndroidManifest.xml:20:5-44
MERGED from [com.android.support:slidingpanelayout:28.0.0] AndroidManifest.xml:20:5-44
MERGED from [com.android.support:customview:28.0.0] AndroidManifest.xml:20:5-44
MERGED from [com.android.support:customview:28.0.0] AndroidManifest.xml:20:5-44
MERGED from [com.android.support:swiperefreshlayout:28.0.0] AndroidManifest.xml:20:5-44
MERGED from [com.android.support:swiperefreshlayout:28.0.0] AndroidManifest.xml:20:5-44
MERGED from [com.android.support:asynclayoutinflater:28.0.0] AndroidManifest.xml:20:5-44
MERGED from [com.android.support:asynclayoutinflater:28.0.0] AndroidManifest.xml:20:5-44
MERGED from [com.android.support:support-compat:28.0.0] AndroidManifest.xml:20:5-44
MERGED from [com.android.support:support-compat:28.0.0] AndroidManifest.xml:20:5-44
MERGED from [com.android.support:versionedparcelable:28.0.0] AndroidManifest.xml:20:5-44
MERGED from [com.android.support:versionedparcelable:28.0.0] AndroidManifest.xml:20:5-44
MERGED from [com.android.support:cursoradapter:28.0.0] AndroidManifest.xml:20:5-44
MERGED from [com.android.support:cursoradapter:28.0.0] AndroidManifest.xml:20:5-44
MERGED from [android.arch.lifecycle:runtime:1.1.1] AndroidManifest.xml:20:5-44
MERGED from [android.arch.lifecycle:runtime:1.1.1] AndroidManifest.xml:20:5-44
MERGED from [com.android.support:documentfile:28.0.0] AndroidManifest.xml:20:5-44
MERGED from [com.android.support:documentfile:28.0.0] AndroidManifest.xml:20:5-44
MERGED from [com.android.support:localbroadcastmanager:28.0.0] AndroidManifest.xml:20:5-44
MERGED from [com.android.support:localbroadcastmanager:28.0.0] AndroidManifest.xml:20:5-44
MERGED from [com.android.support:print:28.0.0] AndroidManifest.xml:20:5-44
MERGED from [com.android.support:print:28.0.0] AndroidManifest.xml:20:5-44
MERGED from [android.arch.lifecycle:viewmodel:1.1.1] AndroidManifest.xml:20:5-44
MERGED from [android.arch.lifecycle:viewmodel:1.1.1] AndroidManifest.xml:20:5-44
MERGED from [com.android.support:interpolator:28.0.0] AndroidManifest.xml:20:5-44
MERGED from [com.android.support:interpolator:28.0.0] AndroidManifest.xml:20:5-44
MERGED from [android.arch.lifecycle:livedata:1.1.1] AndroidManifest.xml:20:5-44
MERGED from [android.arch.lifecycle:livedata:1.1.1] AndroidManifest.xml:20:5-44
MERGED from [android.arch.lifecycle:livedata-core:1.1.1] AndroidManifest.xml:20:5-44
MERGED from [android.arch.lifecycle:livedata-core:1.1.1] AndroidManifest.xml:20:5-44
MERGED from [android.arch.core:runtime:1.1.1] AndroidManifest.xml:20:5-44
MERGED from [android.arch.core:runtime:1.1.1] AndroidManifest.xml:20:5-44
INJECTED from src\debug\AndroidManifest.xml
INJECTED from src\debug\AndroidManifest.xml
	android:targetSdkVersion
		INJECTED from src\main\AndroidManifest.xml
		INJECTED from src\debug\AndroidManifest.xml
	android:minSdkVersion
		INJECTED from src\main\AndroidManifest.xml
		INJECTED from src\debug\AndroidManifest.xml
uses-feature#android.hardware.bluetooth_le
ADDED from [com.tuya.smart:tuyasmart:3.0.3] AndroidManifest.xml:2:3-88
	android:required
		ADDED from [com.tuya.smart:tuyasmart:3.0.3] AndroidManifest.xml:2:62-86
	android:name
		ADDED from [com.tuya.smart:tuyasmart:3.0.3] AndroidManifest.xml:2:17-61
service#com.tuya.smart.mqtt.MqttService
ADDED from [com.tuya.smart:tuyasmart:3.0.3] AndroidManifest.xml:12:5-90
	android:stopWithTask
		ADDED from [com.tuya.smart:tuyasmart:3.0.3] AndroidManifest.xml:12:61-88
	android:name
		ADDED from [com.tuya.smart:tuyasmart:3.0.3] AndroidManifest.xml:12:14-60
service#com.tuya.smart.android.hardware.service.DevTransferService
ADDED from [com.tuya.smart:tuyasmart:3.0.3] AndroidManifest.xml:13:5-144
	android:process
		ADDED from [com.tuya.smart:tuyasmart:3.0.3] AndroidManifest.xml:13:88-114
	android:stopWithTask
		ADDED from [com.tuya.smart:tuyasmart:3.0.3] AndroidManifest.xml:13:115-142
	android:name
		ADDED from [com.tuya.smart:tuyasmart:3.0.3] AndroidManifest.xml:13:14-87
service#com.tuya.smart.android.hardware.service.GwBroadcastMonitorService
ADDED from [com.tuya.smart:tuyasmart:3.0.3] AndroidManifest.xml:14:5-19:15
	android:process
		ADDED from [com.tuya.smart:tuyasmart:3.0.3] AndroidManifest.xml:14:146-172
	android:label
		ADDED from [com.tuya.smart:tuyasmart:3.0.3] AndroidManifest.xml:14:119-145
	android:exported
		ADDED from [com.tuya.smart:tuyasmart:3.0.3] AndroidManifest.xml:14:95-118
	android:stopWithTask
		ADDED from [com.tuya.smart:tuyasmart:3.0.3] AndroidManifest.xml:14:173-200
	android:name
		ADDED from [com.tuya.smart:tuyasmart:3.0.3] AndroidManifest.xml:14:14-94
intent-filter#action:name:tuya.intent.action.udp+category:name:tuya
ADDED from [com.tuya.smart:tuyasmart:3.0.3] AndroidManifest.xml:15:7-18:23
action#tuya.intent.action.udp
ADDED from [com.tuya.smart:tuyasmart:3.0.3] AndroidManifest.xml:16:9-56
	android:name
		ADDED from [com.tuya.smart:tuyasmart:3.0.3] AndroidManifest.xml:16:17-54
category#tuya
ADDED from [com.tuya.smart:tuyasmart:3.0.3] AndroidManifest.xml:17:9-40
	android:name
		ADDED from [com.tuya.smart:tuyasmart:3.0.3] AndroidManifest.xml:17:19-38
receiver#com.tuya.smart.android.base.broadcast.NetworkBroadcastReceiver
ADDED from [com.tuya.smart:tuyasmart:3.0.3] AndroidManifest.xml:20:5-24:16
	android:name
		ADDED from [com.tuya.smart:tuyasmart:3.0.3] AndroidManifest.xml:20:15-92
intent-filter#action:name:android.net.conn.CONNECTIVITY_CHANGE
ADDED from [com.tuya.smart:tuyasmart:3.0.3] AndroidManifest.xml:21:7-23:23
action#android.net.conn.CONNECTIVITY_CHANGE
ADDED from [com.tuya.smart:tuyasmart:3.0.3] AndroidManifest.xml:22:9-70
	android:name
		ADDED from [com.tuya.smart:tuyasmart:3.0.3] AndroidManifest.xml:22:17-68
service#com.inuker.bluetooth.library.BluetoothService
ADDED from [com.tuya.smart:tuyasmart:3.0.3] AndroidManifest.xml:25:5-76
	android:name
		ADDED from [com.tuya.smart:tuyasmart:3.0.3] AndroidManifest.xml:25:14-74